2019年5月1日：AC693X-v0.01-cfg_tool-v0.03
更新内容：
1.配置工具发布第一个版本；

2019年5月10日：AC693X-v0.01-cfg_tool-v0.04
更新内容：
1.调整ID号；
2.增加mty提示音格式；

2019年5月28日：AC693X-v0.01-cfg_tool-v0.05
更新内容：
1.增加ble配置项；
2.增加isdtool.lua;

2019年7月1日: AC693X-v0.01-cfg_tool-v0.05
更新内容: 
1.增加test目录的sin提示音;
2.增加中英文界面切换;
3.配置工具支持Format VM格式;
4.由于本次更新没有修改配置项相关，脚本版本号不递增；
5.需要更新杰理包管理器至1.0.10版本；
6.需要sdktool至2.0.24版本；
7.需要luaconfig至1.0.8版本；


2019年7月3日: AI800X-v0.01-cfg_tool-v0.05
更新内容: 
1.沿用AC693X-v0.01-cfg_tool-v0.05版本；
2.把输出配置项格式设置为format-vm；

2019年8月21日: AC694X-v0.01-cfg_tool-v0.05
更新内容: 
1.沿用AI800X-v0.01-cfg_tool-v0.05版本；
2.把输出配置项格式设置为format-vm；
3.取消ble配置输出；

2020年1月2日: AC695X-v0.01-cfg_tool-v0.06
更新内容: 
1.删除AEC参数 NLP_SUPPRESS,NLP_AGGRESS
2.新增AEC、AES、ANS等关于通话调试的参数
3.更改MIC增益的默认4，范围为0-14
4.更改省电容的可调电阻组
5.修改MIC_AGAIN默认值为3@2020年3月7日

2020年3月12日: AC695X-v0.01-cfg_tool-v0.07
更新内容: 
1.修改br23, br25, br30 AEC参数配置;

2020年4月25日: AC695X-v0.01-cfg_tool-v0.08
更新内容: 
1.修改br23, br25, br30 AEC参数FADE_GAIN配置;
