2019年5月1日：AC693X-v0.01-cfg_tool-v0.03
更新内容：
1.配置工具发布第一个版本；

2019年5月10日：AC693X-v0.01-cfg_tool-v0.04
更新内容：
1.调整ID号；
2.增加mty提示音格式；

2019年5月28日：AC693X-v0.01-cfg_tool-v0.05
更新内容：
1.增加ble配置项；
2.增加isdtool.lua;

2019年7月1日: AC693X-v0.01-cfg_tool-v0.05
更新内容: 
1.增加test目录的sin提示音;
2.增加中英文界面切换;
3.配置工具支持Format VM格式;
4.由于本次更新没有修改配置项相关，脚本版本号不递增；
5.需要更新杰理包管理器至1.0.10版本；
6.需要sdktool至2.0.24版本；
7.需要luaconfig至1.0.8版本；


2019年7月3日: AI800X-v0.01-cfg_tool-v0.05
更新内容: 
1.沿用AC693X-v0.01-cfg_tool-v0.05版本；
2.把输出配置项格式设置为format-vm；

2019年8月21日: AC694X-v0.01-cfg_tool-v0.05
更新内容: 
1.沿用AI800X-v0.01-cfg_tool-v0.05版本；
2.把输出配置项格式设置为format-vm；
3.取消ble配置输出；

2020年1月6日: AC630N-v0.01-cfg_tool-v0.05
更新内容: 
1.沿用AI800X-v0.01-cfg_tool-v0.05版本；
2.把输出配置项格式设置为format-vm；
3.取消ble配置输出；
4.沿用AC695X入口文件指定加载bin文件和tone文件配置；

2021年1月21日: AC632N-v0.01-cfg_tool-v0.05
更新内容: 
1.沿用AC630N-v0.01-cfg_tool-v0.05版本；
2.去掉audio, aec, mic, tone, status配置;
